** SIEGE 4.1.5
** Preparing 100 concurrent users for battle.
The server is now under siege...
[[1;33merror[0m] socket: unable to connect sock.c:282: Connection reset by peer
[[1;33merror[0m] socket: unable to connect sock.c:282: Connection reset by peer
[[1;33merror[0m] socket: unable to connect sock.c:282: Connection reset by peer
[[1;33merror[0m] socket: unable to connect sock.c:282: Connection reset by peer
[[1;33merror[0m] socket: unable to connect sock.c:282: Connection reset by peer
[[1;33merror[0m] socket: unable to connect sock.c:282: Connection reset by peer
[[1;33merror[0m] socket: unable to connect sock.c:282: Connection reset by peer
[[1;33merror[0m] socket: unable to connect sock.c:282: Connection reset by peer
[[1;33merror[0m] socket: unable to connect sock.c:282: Connection reset by peer
[[1;33merror[0m] socket: unable to connect sock.c:282: Connection reset by peer
[[1;33merror[0m] socket: unable to connect sock.c:282: Connection reset by peer
[[1;33merror[0m] socket: unable to connect sock.c:282: Connection reset by peer
[[1;33merror[0m] socket: unable to connect sock.c:282: Connection reset by peer
[[1;33merror[0m] socket: unable to connect sock.c:282: Connection reset by peer
[[1;33merror[0m] socket: unable to connect sock.c:282: Connection reset by peer
[[1;33merror[0m] socket: unable to connect sock.c:282: Connection reset by peer
[[1;33merror[0m] socket: unable to connect sock.c:282: Connection reset by peer
[[1;33merror[0m] socket: unable to connect sock.c:282: Connection reset by peer
[[1;33merror[0m] socket: unable to connect sock.c:282: Connection reset by peer
[[1;33merror[0m] socket: unable to connect sock.c:282: Connection reset by peer
[[1;33merror[0m] socket: unable to connect sock.c:282: Connection reset by peer
[[1;33merror[0m] socket: unable to connect sock.c:282: Connection reset by peer
[[1;33merror[0m] socket: unable to connect sock.c:282: Connection reset by peer
[[1;33merror[0m] socket: unable to connect sock.c:282: Connection reset by peer
[[1;33merror[0m] socket: unable to connect sock.c:282: Connection reset by peer
[[1;33merror[0m] socket: unable to connect sock.c:282: Connection reset by peer
[[1;33merror[0m] socket: unable to connect sock.c:282: Connection reset by peer
[[1;33merror[0m] socket: unable to connect sock.c:282: Connection reset by peer
[[1;33merror[0m] socket: unable to connect sock.c:282: Connection reset by peer
[[1;33merror[0m] socket: unable to connect sock.c:282: Connection reset by peer
[[1;33merror[0m] socket: unable to connect sock.c:282: Connection reset by peer
[[1;33merror[0m] socket: unable to connect sock.c:282: Connection reset by peer
[[1;33merror[0m] socket: unable to connect sock.c:282: Connection reset by peer
[[1;33merror[0m] socket: unable to connect sock.c:282: Connection reset by peer
[[1;33merror[0m] socket: unable to connect sock.c:282: Connection reset by peer
[[1;33merror[0m] socket: unable to connect sock.c:282: Connection reset by peer
[[1;33merror[0m] socket: unable to connect sock.c:282: Connection reset by peer
[[1;33merror[0m] socket: unable to connect sock.c:282: Connection reset by peer
[[1;33merror[0m] unable to write to socket sock.c:733: Broken pipe
[[1;33merror[0m] unable to write to socket sock.c:733: Broken pipe
[[1;33merror[0m] socket: unable to connect sock.c:282: Connection reset by peer
[[1;33merror[0m] socket: unable to connect sock.c:282: Connection reset by peer
[[1;33merror[0m] socket: unable to connect sock.c:282: Connection reset by peer
[[1;33merror[0m] socket: unable to connect sock.c:282: Connection reset by peer
[[1;33merror[0m] socket: unable to connect sock.c:282: Connection reset by peer
[[1;33merror[0m] socket: unable to connect sock.c:282: Connection reset by peer
[[1;33merror[0m] socket: unable to connect sock.c:282: Connection reset by peer
[[1;33merror[0m] socket: unable to connect sock.c:282: Connection reset by peer
[[1;33merror[0m] socket: unable to connect sock.c:282: Connection reset by peer
[[1;33merror[0m] socket: unable to connect sock.c:282: Connection reset by peer
[[1;33merror[0m] unable to write to socket sock.c:733: Broken pipe
[[1;33merror[0m] socket: unable to connect sock.c:282: Connection reset by peer
[[1;33merror[0m] socket: unable to connect sock.c:282: Connection reset by peer
[[1;33merror[0m] unable to write to socket sock.c:733: Broken pipe
[[1;33merror[0m] unable to write to socket sock.c:733: Broken pipe
[[1;33merror[0m] unable to write to socket sock.c:733: Broken pipe
[[1;33merror[0m] socket: read error Connection reset by peer sock.c:635: Connection reset by peer
[[1;33merror[0m] socket: read error Connection reset by peer sock.c:635: Connection reset by peer
[[1;33merror[0m] socket: read error Connection reset by peer sock.c:635: Connection reset by peer
[[1;33merror[0m] socket: read error Connection reset by peer sock.c:635: Connection reset by peer
[[1;33merror[0m] socket: unable to connect sock.c:282: Connection refused
[[1;33merror[0m] socket: unable to connect sock.c:282: Connection refused
[[1;33merror[0m] socket: unable to connect sock.c:282: Connection refused
[[1;33merror[0m] socket: unable to connect sock.c:282: Connection refused
[[1;33merror[0m] socket: unable to connect sock.c:282: Connection refused
[[1;33merror[0m] socket: unable to connect sock.c:282: Connection refused
[[1;33merror[0m] socket: unable to connect sock.c:282: Connection refused
[[1;33merror[0m] socket: unable to connect sock.c:282: Connection refused
[[1;33merror[0m] socket: unable to connect sock.c:282: Connection refused
[[1;33merror[0m] socket: unable to connect sock.c:282: Connection refused
[[1;33merror[0m] socket: unable to connect sock.c:282: Connection refused
[[1;33merror[0m] socket: unable to connect sock.c:282: Connection refused
[[1;33merror[0m] socket: unable to connect sock.c:282: Connection refused
[[1;33merror[0m] socket: unable to connect sock.c:282: Connection refused
[[1;33merror[0m] socket: unable to connect sock.c:282: Connection refused
[[1;33merror[0m] socket: unable to connect sock.c:282: Connection refused
[[1;33merror[0m] socket: unable to connect sock.c:282: Connection refused
[[1;33merror[0m] socket: unable to connect sock.c:282: Connection refused
[[1;33merror[0m] socket: unable to connect sock.c:282: Connection refused
[[1;33merror[0m] socket: unable to connect sock.c:282: Connection refused
[[1;33merror[0m] socket: unable to connect sock.c:282: Connection refused
[[1;33merror[0m] socket: unable to connect sock.c:282: Connection refused
[[1;33merror[0m] socket: unable to connect sock.c:282: Connection refused
[[1;33merror[0m] socket: unable to connect sock.c:282: Connection refused
[[1;33merror[0m] socket: unable to connect sock.c:282: Connection refused
[[1;33merror[0m] socket: unable to connect sock.c:282: Connection refused
[[1;33merror[0m] socket: unable to connect sock.c:282: Connection refused
[[1;33merror[0m] socket: unable to connect sock.c:282: Connection refused
[[1;33merror[0m] socket: unable to connect sock.c:282: Connection refused
[[1;33merror[0m] socket: unable to connect sock.c:282: Connection refused
[[1;33merror[0m] socket: unable to connect sock.c:282: Connection refused
[[1;33merror[0m] socket: unable to connect sock.c:282: Connection refused
[[1;33merror[0m] socket: unable to connect sock.c:282: Connection refused
[[1;33merror[0m] socket: unable to connect sock.c:282: Connection refused
[[1;33merror[0m] socket: unable to connect sock.c:282: Connection refused
[[1;33merror[0m] socket: unable to connect sock.c:282: Connection refused
[[1;33merror[0m] socket: unable to connect sock.c:282: Connection refused
[[1;33merror[0m] socket: unable to connect sock.c:282: Connection refused
[[1;33merror[0m] socket: unable to connect sock.c:282: Connection refused
[[1;33merror[0m] socket: unable to connect sock.c:282: Connection refused
[[1;33merror[0m] socket: unable to connect sock.c:282: Connection refused
[[1;33merror[0m] socket: unable to connect sock.c:282: Connection refused
[[1;33merror[0m] socket: unable to connect sock.c:282: Connection refused
[[1;33merror[0m] socket: unable to connect sock.c:282: Connection refused
[[1;33merror[0m] socket: unable to connect sock.c:282: Connection refused
[[1;33merror[0m] socket: unable to connect sock.c:282: Connection refused
[[1;33merror[0m] socket: unable to connect sock.c:282: Connection refused
[[1;33merror[0m] socket: unable to connect sock.c:282: Connection refused
[[1;33merror[0m] socket: unable to connect sock.c:282: Connection refused
[[1;33merror[0m] socket: unable to connect sock.c:282: Connection refused
[[1;33merror[0m] socket: unable to connect sock.c:282: Connection refused
[[1;33merror[0m] socket: unable to connect sock.c:282: Connection refused
[[1;33merror[0m] socket: unable to connect sock.c:282: Connection refused
[[1;33merror[0m] socket: unable to connect sock.c:282: Connection refused
[[1;33merror[0m] socket: unable to connect sock.c:282: Connection refused
[[1;33merror[0m] socket: unable to connect sock.c:282: Connection refused
[[1;33merror[0m] socket: unable to connect sock.c:282: Connection refused
[[1;33merror[0m] socket: unable to connect sock.c:282: Connection refused
[[1;33merror[0m] socket: unable to connect sock.c:282: Connection refused
[[1;33merror[0m] socket: unable to connect sock.c:282: Connection refused
[[1;33merror[0m] socket: unable to connect sock.c:282: Connection refused
[[1;33merror[0m] socket: unable to connect sock.c:282: Connection refused
[[1;33merror[0m] socket: unable to connect sock.c:282: Connection refused
[[1;33merror[0m] socket: unable to connect sock.c:282: Connection refused
[[1;33merror[0m] socket: unable to connect sock.c:282: Connection refused
[[1;33merror[0m] socket: unable to connect sock.c:282: Connection refused
[[1;33merror[0m] socket: unable to connect sock.c:282: Connection refused
[[1;33merror[0m] socket: unable to connect sock.c:282: Connection refused
[[1;33merror[0m] socket: unable to connect sock.c:282: Connection refused
[[1;33merror[0m] socket: unable to connect sock.c:282: Connection refused
[[1;33merror[0m] socket: unable to connect sock.c:282: Connection refused
[[1;33merror[0m] socket: unable to connect sock.c:282: Connection refused
[[1;33merror[0m] socket: unable to connect sock.c:282: Connection refused
[[1;33merror[0m] socket: unable to connect sock.c:282: Connection refused
[[1;33merror[0m] socket: unable to connect sock.c:282: Connection refused
[[1;33merror[0m] socket: unable to connect sock.c:282: Connection refused
[[1;33merror[0m] socket: unable to connect sock.c:282: Connection refused
[[1;33merror[0m] socket: unable to connect sock.c:282: Connection refused
[[1;33merror[0m] socket: unable to connect sock.c:282: Connection refused
[[1;33merror[0m] socket: unable to connect sock.c:282: Connection refused
[[1;33merror[0m] socket: unable to connect sock.c:282: Connection refused
[[1;33merror[0m] socket: unable to connect sock.c:282: Connection refused
[[1;33merror[0m] socket: unable to connect sock.c:282: Connection refused
[[1;33merror[0m] socket: unable to connect sock.c:282: Connection refused
[[1;33merror[0m] socket: unable to connect sock.c:282: Connection refused
[[1;33merror[0m] socket: unable to connect sock.c:282: Connection refused
[[1;33merror[0m] socket: unable to connect sock.c:282: Connection refused
[[1;33merror[0m] socket: unable to connect sock.c:282: Connection refused
[[1;33merror[0m] socket: unable to connect sock.c:282: Connection refused
[[1;33merror[0m] socket: unable to connect sock.c:282: Connection refused
[[1;33merror[0m] socket: unable to connect sock.c:282: Connection refused
[[1;33merror[0m] socket: unable to connect sock.c:282: Connection refused
[[1;33merror[0m] socket: unable to connect sock.c:282: Connection refused
[[1;33merror[0m] socket: unable to connect sock.c:282: Connection refused
[[1;33merror[0m] socket: unable to connect sock.c:282: Connection refused
[[1;33merror[0m] socket: unable to connect sock.c:282: Connection refused
[[1;33merror[0m] socket: unable to connect sock.c:282: Connection refused
[[1;33merror[0m] socket: unable to connect sock.c:282: Connection refused
[[1;33merror[0m] socket: unable to connect sock.c:282: Connection refused
[[1;33merror[0m] socket: unable to connect sock.c:282: Connection refused
[[1;33merror[0m] socket: unable to connect sock.c:282: Connection refused
[[1;33merror[0m] socket: unable to connect sock.c:282: Connection refused
[[1;33merror[0m] socket: unable to connect sock.c:282: Connection refused
[[1;33merror[0m] socket: unable to connect sock.c:282: Connection refused
[[1;33merror[0m] socket: unable to connect sock.c:282: Connection refused
[[1;33merror[0m] socket: unable to connect sock.c:282: Connection refused
[[1;33merror[0m] socket: unable to connect sock.c:282: Connection refused
[[1;33merror[0m] socket: unable to connect sock.c:282: Connection refused
[[1;33merror[0m] socket: unable to connect sock.c:282: Connection refused
[[1;33merror[0m] socket: unable to connect sock.c:282: Connection refused
[[1;33merror[0m] socket: unable to connect sock.c:282: Connection refused
[[1;33merror[0m] socket: unable to connect sock.c:282: Connection refused
[[1;33merror[0m] socket: unable to connect sock.c:282: Connection refused
[[1;33merror[0m] socket: unable to connect sock.c:282: Connection refused
[[1;33merror[0m] socket: unable to connect sock.c:282: Connection refused
[[1;33merror[0m] socket: unable to connect sock.c:282: Connection refused
[[1;33merror[0m] socket: unable to connect sock.c:282: Connection refused
[[1;33merror[0m] socket: unable to connect sock.c:282: Connection refused
[[1;33merror[0m] socket: unable to connect sock.c:282: Connection refused
[[1;33merror[0m] socket: unable to connect sock.c:282: Connection refused
[[1;33merror[0m] socket: unable to connect sock.c:282: Connection refused
[[1;33merror[0m] socket: unable to connect sock.c:282: Connection refused
[[1;33merror[0m] socket: unable to connect sock.c:282: Connection refused
[[1;33merror[0m] socket: unable to connect sock.c:282: Connection refused
[[1;33merror[0m] socket: unable to connect sock.c:282: Connection refused
[[1;33merror[0m] socket: unable to connect sock.c:282: Connection refused
[[1;33merror[0m] socket: unable to connect sock.c:282: Connection refused
[[1;33merror[0m] socket: unable to connect sock.c:282: Connection refused
[[1;33merror[0m] socket: unable to connect sock.c:282: Connection refused
[[1;33merror[0m] socket: unable to connect sock.c:282: Connection refused
[[1;33merror[0m] socket: unable to connect sock.c:282: Connection refused
[[1;33merror[0m] socket: unable to connect sock.c:282: Connection refused
[[1;33merror[0m] socket: unable to connect sock.c:282: Connection refused
[[1;33merror[0m] socket: unable to connect sock.c:282: Connection refused
[[1;33merror[0m] socket: unable to connect sock.c:282: Connection refused
[[1;33merror[0m] socket: unable to connect sock.c:282: Connection refused
[[1;33merror[0m] socket: unable to connect sock.c:282: Connection refused
[[1;33merror[0m] socket: unable to connect sock.c:282: Connection refused
[[1;33merror[0m] socket: unable to connect sock.c:282: Connection refused
[[1;33merror[0m] socket: unable to connect sock.c:282: Connection refused
[[1;33merror[0m] socket: unable to connect sock.c:282: Connection refused
[[1;33merror[0m] socket: unable to connect sock.c:282: Connection refused
[[1;33merror[0m] socket: unable to connect sock.c:282: Connection refused
[[1;33merror[0m] socket: unable to connect sock.c:282: Connection refused
[[1;33merror[0m] socket: unable to connect sock.c:282: Connection refused
[[1;33merror[0m] socket: unable to connect sock.c:282: Connection refused
[[1;33merror[0m] socket: unable to connect sock.c:282: Connection refused
[[1;33merror[0m] socket: unable to connect sock.c:282: Connection refused
[[1;33merror[0m] socket: unable to connect sock.c:282: Connection refused
[[1;33merror[0m] socket: unable to connect sock.c:282: Connection refused
[[1;33merror[0m] socket: unable to connect sock.c:282: Connection refused
[[1;33merror[0m] socket: unable to connect sock.c:282: Connection refused
[[1;33merror[0m] socket: unable to connect sock.c:282: Connection refused
[[1;33merror[0m] socket: unable to connect sock.c:282: Connection refused
[[1;33merror[0m] socket: unable to connect sock.c:282: Connection refused
[[1;33merror[0m] socket: unable to connect sock.c:282: Connection refused
[[1;33merror[0m] socket: unable to connect sock.c:282: Connection refused
[[1;33merror[0m] socket: unable to connect sock.c:282: Connection refused
[[1;33merror[0m] socket: unable to connect sock.c:282: Connection refused
[[1;33merror[0m] socket: unable to connect sock.c:282: Connection refused
[[1;33merror[0m] socket: unable to connect sock.c:282: Connection refused
[[1;33merror[0m] socket: unable to connect sock.c:282: Connection refused
[[1;33merror[0m] socket: unable to connect sock.c:282: Connection refused
[[1;33merror[0m] socket: unable to connect sock.c:282: Connection refused
[[1;33merror[0m] socket: unable to connect sock.c:282: Connection refused
[[1;33merror[0m] socket: unable to connect sock.c:282: Connection refused
[[1;33merror[0m] socket: unable to connect sock.c:282: Connection refused
[[1;33merror[0m] socket: unable to connect sock.c:282: Connection refused
[[1;33merror[0m] socket: unable to connect sock.c:282: Connection refused
[[1;33merror[0m] socket: unable to connect sock.c:282: Connection refused
[[1;33merror[0m] socket: unable to connect sock.c:282: Connection refused
[[1;33merror[0m] socket: unable to connect sock.c:282: Connection refused
[[1;33merror[0m] socket: unable to connect sock.c:282: Connection refused
[[1;33merror[0m] socket: unable to connect sock.c:282: Connection refused
[[1;33merror[0m] socket: unable to connect sock.c:282: Connection refused
[[1;33merror[0m] socket: unable to connect sock.c:282: Connection refused
[[1;33merror[0m] socket: unable to connect sock.c:282: Connection refused
[[1;33merror[0m] socket: unable to connect sock.c:282: Connection refused
[[1;33merror[0m] socket: unable to connect sock.c:282: Connection refused
[[1;33merror[0m] socket: unable to connect sock.c:282: Connection refused
[[1;33merror[0m] socket: unable to connect sock.c:282: Connection refused
[[1;33merror[0m] socket: unable to connect sock.c:282: Connection refused
[[1;33merror[0m] socket: unable to connect sock.c:282: Connection refused
[[1;33merror[0m] socket: unable to connect sock.c:282: Connection refused
[[1;33merror[0m] socket: unable to connect sock.c:282: Connection refused
[[1;33merror[0m] socket: unable to connect sock.c:282: Connection refused
[[1;33merror[0m] socket: unable to connect sock.c:282: Connection refused
[[1;33merror[0m] socket: unable to connect sock.c:282: Connection refused
[[1;33merror[0m] socket: unable to connect sock.c:282: Connection refused
[[1;33merror[0m] socket: unable to connect sock.c:282: Connection refused
[[1;33merror[0m] socket: unable to connect sock.c:282: Connection refused
[[1;33merror[0m] socket: unable to connect sock.c:282: Connection refused
[[1;33merror[0m] socket: unable to connect sock.c:282: Connection refused
[[1;33merror[0m] socket: unable to connect sock.c:282: Connection refused
[[1;33merror[0m] socket: unable to connect sock.c:282: Connection refused
[[1;33merror[0m] socket: unable to connect sock.c:282: Connection refused
[[1;33merror[0m] socket: unable to connect sock.c:282: Connection refused
[[1;33merror[0m] socket: unable to connect sock.c:282: Connection refused
[[1;33merror[0m] socket: unable to connect sock.c:282: Connection refused
[[1;33merror[0m] socket: unable to connect sock.c:282: Connection refused
[[1;33merror[0m] socket: unable to connect sock.c:282: Connection refused
[[1;33merror[0m] socket: unable to connect sock.c:282: Connection refused
[[1;33merror[0m] socket: unable to connect sock.c:282: Connection refused
[[1;33merror[0m] socket: unable to connect sock.c:282: Connection refused
[[1;33merror[0m] socket: unable to connect sock.c:282: Connection refused
[[1;33merror[0m] socket: unable to connect sock.c:282: Connection refused
[[1;33merror[0m] socket: unable to connect sock.c:282: Connection refused
[[1;33merror[0m] socket: unable to connect sock.c:282: Connection refused
[[1;33merror[0m] socket: unable to connect sock.c:282: Connection refused
[[1;33merror[0m] socket: unable to connect sock.c:282: Connection refused
[[1;33merror[0m] socket: unable to connect sock.c:282: Connection refused
[[1;33merror[0m] socket: unable to connect sock.c:282: Connection refused
[[1;33merror[0m] socket: unable to connect sock.c:282: Connection refused
[[1;33merror[0m] socket: unable to connect sock.c:282: Connection refused
[[1;33merror[0m] socket: unable to connect sock.c:282: Connection refused
[[1;33merror[0m] socket: unable to connect sock.c:282: Connection refused
[[1;33merror[0m] socket: unable to connect sock.c:282: Connection refused
[[1;33merror[0m] socket: unable to connect sock.c:282: Connection refused
[[1;33merror[0m] socket: unable to connect sock.c:282: Connection refused
[[1;33merror[0m] socket: unable to connect sock.c:282: Connection refused
[[1;33merror[0m] socket: unable to connect sock.c:282: Connection refused
[[1;33merror[0m] socket: unable to connect sock.c:282: Connection refused
[[1;33merror[0m] socket: unable to connect sock.c:282: Connection refused
[[1;33merror[0m] socket: unable to connect sock.c:282: Connection refused
[[1;33merror[0m] socket: unable to connect sock.c:282: Connection refused
[[1;33merror[0m] socket: unable to connect sock.c:282: Connection refused
[[1;33merror[0m] socket: unable to connect sock.c:282: Connection refused
[[1;33merror[0m] socket: unable to connect sock.c:282: Connection refused
[[1;33merror[0m] socket: unable to connect sock.c:282: Connection refused
[[1;33merror[0m] socket: unable to connect sock.c:282: Connection refused
[[1;33merror[0m] socket: unable to connect sock.c:282: Connection refused
[[1;33merror[0m] socket: unable to connect sock.c:282: Connection refused
[[1;33merror[0m] socket: unable to connect sock.c:282: Connection refused
[[1;33merror[0m] socket: unable to connect sock.c:282: Connection refused
[[1;33merror[0m] socket: unable to connect sock.c:282: Connection refused
[[1;33merror[0m] socket: unable to connect sock.c:282: Connection refused
[[1;33merror[0m] socket: unable to connect sock.c:282: Connection refused
[[1;33merror[0m] socket: unable to connect sock.c:282: Connection refused
[[1;33merror[0m] socket: unable to connect sock.c:282: Connection refused
[[1;33merror[0m] socket: unable to connect sock.c:282: Connection refused
[[1;33merror[0m] socket: unable to connect sock.c:282: Connection refused
[[1;33merror[0m] socket: unable to connect sock.c:282: Connection refused
[[1;33merror[0m] socket: unable to connect sock.c:282: Connection refused
[[1;33merror[0m] socket: unable to connect sock.c:282: Connection refused
[[1;33merror[0m] socket: unable to connect sock.c:282: Connection refused
[[1;33merror[0m] socket: unable to connect sock.c:282: Connection refused
[[1;33merror[0m] socket: unable to connect sock.c:282: Connection refused
[[1;33merror[0m] socket: unable to connect sock.c:282: Connection refused
[[1;33merror[0m] socket: unable to connect sock.c:282: Connection refused
[[1;33merror[0m] socket: unable to connect sock.c:282: Connection refused
[[1;33merror[0m] socket: unable to connect sock.c:282: Connection refused
[[1;33merror[0m] socket: unable to connect sock.c:282: Connection refused
[[1;33merror[0m] socket: unable to connect sock.c:282: Connection refused
[[1;33merror[0m] socket: unable to connect sock.c:282: Connection refused
[[1;33merror[0m] socket: unable to connect sock.c:282: Connection refused
[[1;33merror[0m] socket: unable to connect sock.c:282: Connection refused
[[1;33merror[0m] socket: unable to connect sock.c:282: Connection refused
[[1;33merror[0m] socket: unable to connect sock.c:282: Connection refused
[[1;33merror[0m] socket: unable to connect sock.c:282: Connection refused
[[1;33merror[0m] socket: unable to connect sock.c:282: Connection refused
[[1;33merror[0m] socket: unable to connect sock.c:282: Connection refused
[[1;33merror[0m] socket: unable to connect sock.c:282: Connection refused
[[1;33merror[0m] socket: unable to connect sock.c:282: Connection refused
[[1;33merror[0m] socket: unable to connect sock.c:282: Connection refused
[[1;33merror[0m] socket: unable to connect sock.c:282: Connection refused
[[1;33merror[0m] socket: unable to connect sock.c:282: Connection refused
[[1;33merror[0m] socket: unable to connect sock.c:282: Connection refused
[[1;33merror[0m] socket: unable to connect sock.c:282: Connection refused
[[1;33merror[0m] socket: unable to connect sock.c:282: Connection refused
[[1;33merror[0m] socket: unable to connect sock.c:282: Connection refused
[[1;33merror[0m] socket: unable to connect sock.c:282: Connection refused
[[1;33merror[0m] socket: unable to connect sock.c:282: Connection refused
[[1;33merror[0m] socket: unable to connect sock.c:282: Connection refused
[[1;33merror[0m] socket: unable to connect sock.c:282: Connection refused
[[1;33merror[0m] socket: unable to connect sock.c:282: Connection refused
[[1;33merror[0m] socket: unable to connect sock.c:282: Connection refused
[[1;33merror[0m] socket: unable to connect sock.c:282: Connection refused
[[1;33merror[0m] socket: unable to connect sock.c:282: Connection refused
[[1;33merror[0m] socket: unable to connect sock.c:282: Connection refused
[[1;33merror[0m] socket: unable to connect sock.c:282: Connection refused
[[1;33merror[0m] socket: unable to connect sock.c:282: Connection refused
[[1;33merror[0m] socket: unable to connect sock.c:282: Connection refused
[[1;33merror[0m] socket: unable to connect sock.c:282: Connection refused
[[1;33merror[0m] socket: unable to connect sock.c:282: Connection refused
[[1;33merror[0m] socket: unable to connect sock.c:282: Connection refused
[[1;33merror[0m] socket: unable to connect sock.c:282: Connection refused
[[1;33merror[0m] socket: unable to connect sock.c:282: Connection refused
[[1;33merror[0m] socket: unable to connect sock.c:282: Connection refused
[[1;33merror[0m] socket: unable to connect sock.c:282: Connection refused
[[1;33merror[0m] socket: unable to connect sock.c:282: Connection refused
[[1;33merror[0m] socket: unable to connect sock.c:282: Connection refused
[[1;33merror[0m] socket: unable to connect sock.c:282: Connection refused
[[1;33merror[0m] socket: unable to connect sock.c:282: Connection refused
[[1;33merror[0m] socket: unable to connect sock.c:282: Connection refused
[[1;33merror[0m] socket: unable to connect sock.c:282: Connection refused
[[1;33merror[0m] socket: unable to connect sock.c:282: Connection refused
[[1;33merror[0m] socket: unable to connect sock.c:282: Connection refused
[[1;33merror[0m] socket: unable to connect sock.c:282: Connection refused
[[1;33merror[0m] socket: unable to connect sock.c:282: Connection refused
[[1;33merror[0m] socket: unable to connect sock.c:282: Connection refused
[[1;33merror[0m] socket: unable to connect sock.c:282: Connection refused
[[1;33merror[0m] socket: unable to connect sock.c:282: Connection refused
[[1;33merror[0m] socket: unable to connect sock.c:282: Connection refused
[[1;33merror[0m] socket: unable to connect sock.c:282: Connection refused
[[1;33merror[0m] socket: unable to connect sock.c:282: Connection refused
[[1;33merror[0m] socket: unable to connect sock.c:282: Connection refused
[[1;33merror[0m] socket: unable to connect sock.c:282: Connection refused
[[1;33merror[0m] socket: unable to connect sock.c:282: Connection refused
[[1;33merror[0m] socket: unable to connect sock.c:282: Connection refused
[[1;33merror[0m] socket: unable to connect sock.c:282: Connection refused
[[1;33merror[0m] socket: unable to connect sock.c:282: Connection refused
[[1;33merror[0m] socket: unable to connect sock.c:282: Connection refused
[[1;33merror[0m] socket: unable to connect sock.c:282: Connection refused
[[1;33merror[0m] socket: unable to connect sock.c:282: Connection refused
[[1;33merror[0m] socket: unable to connect sock.c:282: Connection refused
[[1;33merror[0m] socket: unable to connect sock.c:282: Connection refused
[[1;33merror[0m] socket: unable to connect sock.c:282: Connection refused
[[1;33merror[0m] socket: unable to connect sock.c:282: Connection refused
[[1;33merror[0m] socket: unable to connect sock.c:282: Connection refused
[[1;33merror[0m] socket: unable to connect sock.c:282: Connection refused
[[1;33merror[0m] socket: unable to connect sock.c:282: Connection refused
[[1;33merror[0m] socket: unable to connect sock.c:282: Connection refused
[[1;33merror[0m] socket: unable to connect sock.c:282: Connection refused
[[1;33merror[0m] socket: unable to connect sock.c:282: Connection refused
[[1;33merror[0m] socket: unable to connect sock.c:282: Connection refused
[[1;33merror[0m] socket: unable to connect sock.c:282: Connection refused
[[1;33merror[0m] socket: unable to connect sock.c:282: Connection refused
[[1;33merror[0m] socket: unable to connect sock.c:282: Connection refused
[[1;33merror[0m] socket: unable to connect sock.c:282: Connection refused
[[1;33merror[0m] socket: unable to connect sock.c:282: Connection refused
[[1;33merror[0m] socket: unable to connect sock.c:282: Connection refused
[[1;33merror[0m] socket: unable to connect sock.c:282: Connection refused
[[1;33merror[0m] socket: unable to connect sock.c:282: Connection refused
[[1;33merror[0m] socket: unable to connect sock.c:282: Connection refused
[[1;33merror[0m] socket: unable to connect sock.c:282: Connection refused
[[1;33merror[0m] socket: unable to connect sock.c:282: Connection refused
[[1;33merror[0m] socket: unable to connect sock.c:282: Connection refused
[[1;33merror[0m] socket: unable to connect sock.c:282: Connection refused
[[1;33merror[0m] socket: unable to connect sock.c:282: Connection refused
[[1;33merror[0m] socket: unable to connect sock.c:282: Connection refused
[[1;33merror[0m] socket: unable to connect sock.c:282: Connection refused
[[1;33merror[0m] socket: unable to connect sock.c:282: Connection refused
[[1;33merror[0m] socket: unable to connect sock.c:282: Connection refused
[[1;33merror[0m] socket: unable to connect sock.c:282: Connection refused
[[1;33merror[0m] socket: unable to connect sock.c:282: Connection refused
[[1;33merror[0m] socket: unable to connect sock.c:282: Connection refused
[[1;33merror[0m] socket: unable to connect sock.c:282: Connection refused
[[1;33merror[0m] socket: unable to connect sock.c:282: Connection refused
[[1;33merror[0m] socket: unable to connect sock.c:282: Connection refused
[[1;33merror[0m] socket: unable to connect sock.c:282: Connection refused
[[1;33merror[0m] socket: unable to connect sock.c:282: Connection refused
[[1;33merror[0m] socket: unable to connect sock.c:282: Connection refused
[[1;33merror[0m] socket: unable to connect sock.c:282: Connection refused
[[1;33merror[0m] socket: unable to connect sock.c:282: Connection refused
[[1;33merror[0m] socket: unable to connect sock.c:282: Connection refused
[[1;33merror[0m] socket: unable to connect sock.c:282: Connection refused
[[1;33merror[0m] socket: unable to connect sock.c:282: Connection refused
[[1;33merror[0m] socket: unable to connect sock.c:282: Connection refused
[[1;33merror[0m] socket: unable to connect sock.c:282: Connection refused
[[1;33merror[0m] socket: unable to connect sock.c:282: Connection refused
[[1;33merror[0m] socket: unable to connect sock.c:282: Connection refused
[[1;33merror[0m] socket: unable to connect sock.c:282: Connection refused
[[1;33merror[0m] socket: unable to connect sock.c:282: Connection refused
[[1;33merror[0m] socket: unable to connect sock.c:282: Connection refused
[[1;33merror[0m] socket: unable to connect sock.c:282: Connection refused
[[1;33merror[0m] socket: unable to connect sock.c:282: Connection refused
[[1;33merror[0m] socket: unable to connect sock.c:282: Connection refused
[[1;33merror[0m] socket: unable to connect sock.c:282: Connection refused
[[1;33merror[0m] socket: unable to connect sock.c:282: Connection refused
[[1;33merror[0m] socket: unable to connect sock.c:282: Connection refused
[[1;33merror[0m] socket: unable to connect sock.c:282: Connection refused
[[1;33merror[0m] socket: unable to connect sock.c:282: Connection refused
[[1;33merror[0m] socket: unable to connect sock.c:282: Connection refused
[[1;33merror[0m] socket: unable to connect sock.c:282: Connection refused
[[1;33merror[0m] socket: unable to connect sock.c:282: Connection refused
[[1;33merror[0m] socket: unable to connect sock.c:282: Connection refused
[[1;33merror[0m] socket: unable to connect sock.c:282: Connection refused
[[1;33merror[0m] socket: unable to connect sock.c:282: Connection refused
[[1;33merror[0m] socket: unable to connect sock.c:282: Connection refused
[[1;33merror[0m] socket: unable to connect sock.c:282: Connection refused
[[1;33merror[0m] socket: unable to connect sock.c:282: Connection refused
[[1;33merror[0m] socket: unable to connect sock.c:282: Connection refused
[[1;33merror[0m] socket: unable to connect sock.c:282: Connection refused
[[1;33merror[0m] socket: unable to connect sock.c:282: Connection refused
[[1;33merror[0m] socket: unable to connect sock.c:282: Connection refused
[[1;33merror[0m] socket: unable to connect sock.c:282: Connection refused
[[1;33merror[0m] socket: unable to connect sock.c:282: Connection refused
[[1;33merror[0m] socket: unable to connect sock.c:282: Connection refused
[[1;33merror[0m] socket: unable to connect sock.c:282: Connection refused
[[1;33merror[0m] socket: unable to connect sock.c:282: Connection refused
[[1;33merror[0m] socket: unable to connect sock.c:282: Connection refused
[[1;33merror[0m] socket: unable to connect sock.c:282: Connection refused
[[1;33merror[0m] socket: unable to connect sock.c:282: Connection refused
[[1;33merror[0m] socket: unable to connect sock.c:282: Connection refused
[[1;33merror[0m] socket: unable to connect sock.c:282: Connection refused
[[1;33merror[0m] socket: unable to connect sock.c:282: Connection refused
[[1;33merror[0m] socket: unable to connect sock.c:282: Connection refused
[[1;33merror[0m] socket: unable to connect sock.c:282: Connection refused
[[1;33merror[0m] socket: unable to connect sock.c:282: Connection refused
[[1;33merror[0m] socket: unable to connect sock.c:282: Connection refused
[[1;33merror[0m] socket: unable to connect sock.c:282: Connection refused
[[1;33merror[0m] socket: unable to connect sock.c:282: Connection refused
[[1;33merror[0m] socket: unable to connect sock.c:282: Connection refused
[[1;33merror[0m] socket: unable to connect sock.c:282: Connection refused
[[1;33merror[0m] socket: unable to connect sock.c:282: Connection refused
[[1;33merror[0m] socket: unable to connect sock.c:282: Connection refused
[[1;33merror[0m] socket: unable to connect sock.c:282: Connection refused
[[1;33merror[0m] socket: unable to connect sock.c:282: Connection refused
[[1;33merror[0m] socket: unable to connect sock.c:282: Connection refused
[[1;33merror[0m] socket: unable to connect sock.c:282: Connection refused
[[1;33merror[0m] socket: unable to connect sock.c:282: Connection refused
[[1;33merror[0m] socket: unable to connect sock.c:282: Connection refused
[[1;33merror[0m] socket: unable to connect sock.c:282: Connection refused
[[1;33merror[0m] socket: unable to connect sock.c:282: Connection refused
[[1;33merror[0m] socket: unable to connect sock.c:282: Connection refused
[[1;33merror[0m] socket: unable to connect sock.c:282: Connection refused
[[1;33merror[0m] socket: unable to connect sock.c:282: Connection refused
[[1;33merror[0m] socket: unable to connect sock.c:282: Connection refused
[[1;33merror[0m] socket: unable to connect sock.c:282: Connection refused
[[1;33merror[0m] socket: unable to connect sock.c:282: Connection refused
[[1;33merror[0m] socket: unable to connect sock.c:282: Connection refused
[[1;33merror[0m] socket: unable to connect sock.c:282: Connection refused
[[1;33merror[0m] socket: unable to connect sock.c:282: Connection refused
[[1;33merror[0m] socket: unable to connect sock.c:282: Connection refused
[[1;33merror[0m] socket: unable to connect sock.c:282: Connection refused
[[1;33merror[0m] socket: unable to connect sock.c:282: Connection refused
[[1;33merror[0m] socket: unable to connect sock.c:282: Connection refused
[[1;33merror[0m] socket: unable to connect sock.c:282: Connection refused
[[1;33merror[0m] socket: unable to connect sock.c:282: Connection refused
[[1;33merror[0m] socket: unable to connect sock.c:282: Connection refused
[[1;33merror[0m] socket: unable to connect sock.c:282: Connection refused
[[1;33merror[0m] socket: unable to connect sock.c:282: Connection refused
[[1;33merror[0m] socket: unable to connect sock.c:282: Connection refused
[[1;33merror[0m] socket: unable to connect sock.c:282: Connection refused
[[1;33merror[0m] socket: unable to connect sock.c:282: Connection refused
[[1;33merror[0m] socket: unable to connect sock.c:282: Connection refused
[[1;33merror[0m] socket: unable to connect sock.c:282: Connection refused
[[1;33merror[0m] socket: unable to connect sock.c:282: Connection refused
[[1;33merror[0m] socket: unable to connect sock.c:282: Connection refused
[[1;33merror[0m] socket: unable to connect sock.c:282: Connection refused
[[1;33merror[0m] socket: unable to connect sock.c:282: Connection refused
[[1;33merror[0m] socket: unable to connect sock.c:282: Connection refused
[[1;33merror[0m] socket: unable to connect sock.c:282: Connection refused
[[1;33merror[0m] socket: unable to connect sock.c:282: Connection refused
[[1;33merror[0m] socket: unable to connect sock.c:282: Connection refused
[[1;33merror[0m] socket: unable to connect sock.c:282: Connection refused
[[1;33merror[0m] socket: unable to connect sock.c:282: Connection refused
[[1;33merror[0m] socket: unable to connect sock.c:282: Connection refused
[[1;33merror[0m] socket: unable to connect sock.c:282: Connection refused
[[1;33merror[0m] socket: unable to connect sock.c:282: Connection refused
[[1;33merror[0m] socket: unable to connect sock.c:282: Connection refused
[[1;33merror[0m] socket: unable to connect sock.c:282: Connection refused
[[1;33merror[0m] socket: unable to connect sock.c:282: Connection refused
[[1;33merror[0m] socket: unable to connect sock.c:282: Connection refused
[[1;33merror[0m] socket: unable to connect sock.c:282: Connection refused
[[1;33merror[0m] socket: unable to connect sock.c:282: Connection refused
[[1;33merror[0m] socket: unable to connect sock.c:282: Connection refused
[[1;33merror[0m] socket: unable to connect sock.c:282: Connection refused
[[1;33merror[0m] socket: unable to connect sock.c:282: Connection refused
[[1;33merror[0m] socket: unable to connect sock.c:282: Connection refused
[[1;33merror[0m] socket: unable to connect sock.c:282: Connection refused
[[1;33merror[0m] socket: unable to connect sock.c:282: Connection refused
[[1;33merror[0m] socket: unable to connect sock.c:282: Connection refused
[[1;33merror[0m] socket: unable to connect sock.c:282: Connection refused
[[1;33merror[0m] socket: unable to connect sock.c:282: Connection refused
[[1;33merror[0m] socket: unable to connect sock.c:282: Connection refused
[[1;33merror[0m] socket: unable to connect sock.c:282: Connection refused
[[1;33merror[0m] socket: unable to connect sock.c:282: Connection refused
[[1;33merror[0m] socket: unable to connect sock.c:282: Connection refused
[[1;33merror[0m] socket: unable to connect sock.c:282: Connection refused
[[1;33merror[0m] socket: unable to connect sock.c:282: Connection refused
[[1;33merror[0m] socket: unable to connect sock.c:282: Connection refused
[[1;33merror[0m] socket: unable to connect sock.c:282: Connection refused
[[1;33merror[0m] socket: unable to connect sock.c:282: Connection refused
[[1;33merror[0m] socket: unable to connect sock.c:282: Connection refused
[[1;33merror[0m] socket: unable to connect sock.c:282: Connection refused
[[1;33merror[0m] socket: unable to connect sock.c:282: Connection refused
[[1;33merror[0m] socket: unable to connect sock.c:282: Connection refused
[[1;33merror[0m] socket: unable to connect sock.c:282: Connection refused
[[1;33merror[0m] socket: unable to connect sock.c:282: Connection refused
[[1;33merror[0m] socket: unable to connect sock.c:282: Connection refused
[[1;33merror[0m] socket: unable to connect sock.c:282: Connection refused
[[1;33merror[0m] socket: unable to connect sock.c:282: Connection refused
[[1;33merror[0m] socket: unable to connect sock.c:282: Connection refused
[[1;33merror[0m] socket: unable to connect sock.c:282: Connection refused
[[1;33merror[0m] socket: unable to connect sock.c:282: Connection refused
[[1;33merror[0m] socket: unable to connect sock.c:282: Connection refused
[[1;33merror[0m] socket: unable to connect sock.c:282: Connection refused
[[1;33merror[0m] socket: unable to connect sock.c:282: Connection refused
[[1;33merror[0m] socket: unable to connect sock.c:282: Connection refused
[[1;33merror[0m] socket: unable to connect sock.c:282: Connection refused
[[1;33merror[0m] socket: unable to connect sock.c:282: Connection refused
[[1;33merror[0m] socket: unable to connect sock.c:282: Connection refused
[[1;33merror[0m] socket: unable to connect sock.c:282: Connection refused
[[1;33merror[0m] socket: unable to connect sock.c:282: Connection refused
[[1;33merror[0m] socket: unable to connect sock.c:282: Connection refused
[[1;33merror[0m] socket: unable to connect sock.c:282: Connection refused
[[1;33merror[0m] socket: unable to connect sock.c:282: Connection refused
[[1;33merror[0m] socket: unable to connect sock.c:282: Connection refused
[[1;33merror[0m] socket: unable to connect sock.c:282: Connection refused
[[1;33merror[0m] socket: unable to connect sock.c:282: Connection refused
[[1;33merror[0m] socket: unable to connect sock.c:282: Connection refused
[[1;33merror[0m] socket: unable to connect sock.c:282: Connection refused
[[1;33merror[0m] socket: unable to connect sock.c:282: Connection refused
[[1;33merror[0m] socket: unable to connect sock.c:282: Connection refused
[[1;33merror[0m] socket: unable to connect sock.c:282: Connection refused
[[1;33merror[0m] socket: unable to connect sock.c:282: Connection refused
[[1;33merror[0m] socket: unable to connect sock.c:282: Connection refused
[[1;33merror[0m] socket: unable to connect sock.c:282: Connection refused
[[1;33merror[0m] socket: unable to connect sock.c:282: Connection refused
[[1;33merror[0m] socket: unable to connect sock.c:282: Connection refused
[[1;33merror[0m] socket: unable to connect sock.c:282: Connection refused
[[1;33merror[0m] socket: unable to connect sock.c:282: Connection refused
[[1;33merror[0m] socket: unable to connect sock.c:282: Connection refused
[[1;33merror[0m] socket: unable to connect sock.c:282: Connection refused
[[1;33merror[0m] socket: unable to connect sock.c:282: Connection refused
[[1;33merror[0m] socket: unable to connect sock.c:282: Connection refused
[[1;33merror[0m] socket: unable to connect sock.c:282: Connection refused
[[1;33merror[0m] socket: unable to connect sock.c:282: Connection refused
[[1;33merror[0m] socket: unable to connect sock.c:282: Connection refused
[[1;33merror[0m] socket: unable to connect sock.c:282: Connection refused
[[1;33merror[0m] socket: unable to connect sock.c:282: Connection refused
[[1;33merror[0m] socket: unable to connect sock.c:282: Connection refused
[[1;33merror[0m] socket: unable to connect sock.c:282: Connection refused
[[1;33merror[0m] socket: unable to connect sock.c:282: Connection refused
[[1;33merror[0m] socket: unable to connect sock.c:282: Connection refused
[[1;33merror[0m] socket: unable to connect sock.c:282: Connection refused
[[1;33merror[0m] socket: unable to connect sock.c:282: Connection refused
[[1;33merror[0m] socket: unable to connect sock.c:282: Connection refused
[[1;33merror[0m] socket: unable to connect sock.c:282: Connection refused
[[1;33merror[0m] socket: unable to connect sock.c:282: Connection refused
[[1;33merror[0m] socket: unable to connect sock.c:282: Connection refused
[[1;33merror[0m] socket: unable to connect sock.c:282: Connection refused
[[1;33merror[0m] socket: unable to connect sock.c:282: Connection refused
[[1;33merror[0m] socket: unable to connect sock.c:282: Connection refused
[[1;33merror[0m] socket: unable to connect sock.c:282: Connection refused
[[1;33merror[0m] socket: unable to connect sock.c:282: Connection refused
[[1;33merror[0m] socket: unable to connect sock.c:282: Connection refused
[[1;33merror[0m] socket: unable to connect sock.c:282: Connection refused
[[1;33merror[0m] socket: unable to connect sock.c:282: Connection refused
[[1;33merror[0m] socket: unable to connect sock.c:282: Connection refused
[[1;33merror[0m] socket: unable to connect sock.c:282: Connection refused
[[1;33merror[0m] socket: unable to connect sock.c:282: Connection refused
[[1;33merror[0m] socket: unable to connect sock.c:282: Connection refused
[[1;33merror[0m] socket: unable to connect sock.c:282: Connection refused
[[1;33merror[0m] socket: unable to connect sock.c:282: Connection refused
[[1;33merror[0m] socket: unable to connect sock.c:282: Connection refused
[[1;33merror[0m] socket: unable to connect sock.c:282: Connection refused
[[1;33merror[0m] socket: unable to connect sock.c:282: Connection refused
[[1;33merror[0m] socket: unable to connect sock.c:282: Connection refused
[[1;33merror[0m] socket: unable to connect sock.c:282: Connection refused
[[1;33merror[0m] socket: unable to connect sock.c:282: Connection refused
[[1;33merror[0m] socket: unable to connect sock.c:282: Connection refused
[[1;33merror[0m] socket: unable to connect sock.c:282: Connection refused
[[1;33merror[0m] socket: unable to connect sock.c:282: Connection refused
[[1;33merror[0m] socket: unable to connect sock.c:282: Connection refused
[[1;33merror[0m] socket: unable to connect sock.c:282: Connection refused
[[1;33merror[0m] socket: unable to connect sock.c:282: Connection refused
[[1;33merror[0m] socket: unable to connect sock.c:282: Connection refused
[[1;33merror[0m] socket: unable to connect sock.c:282: Connection refused
[[1;33merror[0m] socket: unable to connect sock.c:282: Connection refused
[[1;33merror[0m] socket: unable to connect sock.c:282: Connection refused
[[1;33merror[0m] socket: unable to connect sock.c:282: Connection refused
[[1;33merror[0m] socket: unable to connect sock.c:282: Connection refused
[[1;33merror[0m] socket: unable to connect sock.c:282: Connection refused
[[1;33merror[0m] socket: unable to connect sock.c:282: Connection refused
[[1;33merror[0m] socket: unable to connect sock.c:282: Connection refused
[[1;33merror[0m] socket: unable to connect sock.c:282: Connection refused
[[1;33merror[0m] socket: unable to connect sock.c:282: Connection refused
[[1;33merror[0m] socket: unable to connect sock.c:282: Connection refused
[[1;33merror[0m] socket: unable to connect sock.c:282: Connection refused
[[1;33merror[0m] socket: unable to connect sock.c:282: Connection refused
[[1;33merror[0m] socket: unable to connect sock.c:282: Connection refused
[[1;33merror[0m] socket: unable to connect sock.c:282: Connection refused
[[1;33merror[0m] socket: unable to connect sock.c:282: Connection refused
[[1;33merror[0m] socket: unable to connect sock.c:282: Connection refused
[[1;33merror[0m] socket: unable to connect sock.c:282: Connection refused
[[1;33merror[0m] socket: unable to connect sock.c:282: Connection refused
[[1;33merror[0m] socket: unable to connect sock.c:282: Connection refused
[[1;33merror[0m] socket: unable to connect sock.c:282: Connection refused
[[1;33merror[0m] socket: unable to connect sock.c:282: Connection refused
[[1;33merror[0m] socket: unable to connect sock.c:282: Connection refused
[[1;33merror[0m] socket: unable to connect sock.c:282: Connection refused
[[1;33merror[0m] socket: unable to connect sock.c:282: Connection refused
[[1;33merror[0m] socket: unable to connect sock.c:282: Connection refused
[[1;33merror[0m] socket: unable to connect sock.c:282: Connection refused
[[1;33merror[0m] socket: unable to connect sock.c:282: Connection refused
[[1;33merror[0m] socket: unable to connect sock.c:282: Connection refused
[[1;33merror[0m] socket: unable to connect sock.c:282: Connection refused
[[1;33merror[0m] socket: unable to connect sock.c:282: Connection refused
[[1;33merror[0m] socket: unable to connect sock.c:282: Connection refused
[[1;33merror[0m] socket: unable to connect sock.c:282: Connection refused
[[1;33merror[0m] socket: unable to connect sock.c:282: Connection refused
[[1;33merror[0m] socket: unable to connect sock.c:282: Connection refused
[[1;33merror[0m] socket: unable to connect sock.c:282: Connection refused
[[1;33merror[0m] socket: unable to connect sock.c:282: Connection refused
[[1;33merror[0m] socket: unable to connect sock.c:282: Connection refused
[[1;33merror[0m] socket: unable to connect sock.c:282: Connection refused
[[1;33merror[0m] socket: unable to connect sock.c:282: Connection refused
[[1;33merror[0m] socket: unable to connect sock.c:282: Connection refused
[[1;33merror[0m] socket: unable to connect sock.c:282: Connection refused
[[1;33merror[0m] socket: unable to connect sock.c:282: Connection refused
[[1;33merror[0m] socket: unable to connect sock.c:282: Connection refused
[[1;33merror[0m] socket: unable to connect sock.c:282: Connection refused
[[1;33merror[0m] socket: unable to connect sock.c:282: Connection refused
[[1;33merror[0m] socket: unable to connect sock.c:282: Connection refused
[[1;33merror[0m] socket: unable to connect sock.c:282: Connection refused
[[1;33merror[0m] socket: unable to connect sock.c:282: Connection refused
[[1;33merror[0m] socket: unable to connect sock.c:282: Connection refused
[[1;33merror[0m] socket: unable to connect sock.c:282: Connection refused
[[1;33merror[0m] socket: unable to connect sock.c:282: Connection refused
[[1;33merror[0m] socket: unable to connect sock.c:282: Connection refused
[[1;33merror[0m] socket: unable to connect sock.c:282: Connection refused
[[1;33merror[0m] socket: unable to connect sock.c:282: Connection refused
[[1;33merror[0m] socket: unable to connect sock.c:282: Connection refused
[[1;33merror[0m] socket: unable to connect sock.c:282: Connection refused
[[1;33merror[0m] socket: unable to connect sock.c:282: Connection refused
[[1;33merror[0m] socket: unable to connect sock.c:282: Connection refused
[[1;33merror[0m] socket: unable to connect sock.c:282: Connection refused
[[1;33merror[0m] socket: unable to connect sock.c:282: Connection refused
[[1;33merror[0m] socket: unable to connect sock.c:282: Connection refused
[[1;33merror[0m] socket: unable to connect sock.c:282: Connection refused
[[1;33merror[0m] socket: unable to connect sock.c:282: Connection refused
[[1;33merror[0m] socket: unable to connect sock.c:282: Connection refused
[[1;33merror[0m] socket: unable to connect sock.c:282: Connection refused
[[1;33merror[0m] socket: unable to connect sock.c:282: Connection refused
[[1;33merror[0m] socket: unable to connect sock.c:282: Connection refused
[[1;33merror[0m] socket: unable to connect sock.c:282: Connection refused
[[1;33merror[0m] socket: unable to connect sock.c:282: Connection refused
[[1;33merror[0m] socket: unable to connect sock.c:282: Connection refused
[[1;33merror[0m] socket: unable to connect sock.c:282: Connection refused
[[1;33merror[0m] socket: unable to connect sock.c:282: Connection refused
[[1;33merror[0m] socket: unable to connect sock.c:282: Connection refused
[[1;33merror[0m] socket: unable to connect sock.c:282: Connection refused
[[1;33merror[0m] socket: unable to connect sock.c:282: Connection refused
[[1;33merror[0m] socket: unable to connect sock.c:282: Connection refused
[[1;33merror[0m] socket: unable to connect sock.c:282: Connection refused
[[1;33merror[0m] socket: unable to connect sock.c:282: Connection refused
[[1;33merror[0m] socket: unable to connect sock.c:282: Connection refused
[[1;33merror[0m] socket: unable to connect sock.c:282: Connection refused
[[1;33merror[0m] socket: unable to connect sock.c:282: Connection refused
[[1;33merror[0m] socket: unable to connect sock.c:282: Connection refused
[[1;33merror[0m] socket: unable to connect sock.c:282: Connection refused
[[1;33merror[0m] socket: unable to connect sock.c:282: Connection refused
[[1;33merror[0m] socket: unable to connect sock.c:282: Connection refused
[[1;33merror[0m] socket: unable to connect sock.c:282: Connection refused
[[1;33merror[0m] socket: unable to connect sock.c:282: Connection refused
[[1;33merror[0m] socket: unable to connect sock.c:282: Connection refused
[[1;33merror[0m] socket: unable to connect sock.c:282: Connection refused
[[1;33merror[0m] socket: unable to connect sock.c:282: Connection refused
[[1;33merror[0m] socket: unable to connect sock.c:282: Connection refused
[[1;33merror[0m] socket: unable to connect sock.c:282: Connection refused
[[1;33merror[0m] socket: unable to connect sock.c:282: Connection refused
[[1;33merror[0m] socket: unable to connect sock.c:282: Connection refused
[[1;33merror[0m] socket: unable to connect sock.c:282: Connection refused
[[1;33merror[0m] socket: unable to connect sock.c:282: Connection refused
[[1;33merror[0m] socket: unable to connect sock.c:282: Connection refused
[[1;33merror[0m] socket: unable to connect sock.c:282: Connection refused
[[1;33merror[0m] socket: unable to connect sock.c:282: Connection refused
[[1;33merror[0m] socket: unable to connect sock.c:282: Connection refused
[[1;33merror[0m] socket: unable to connect sock.c:282: Connection refused
[[1;33merror[0m] socket: unable to connect sock.c:282: Connection refused
[[1;33merror[0m] socket: unable to connect sock.c:282: Connection refused
[[1;33merror[0m] socket: unable to connect sock.c:282: Connection refused
[[1;33merror[0m] socket: unable to connect sock.c:282: Connection refused
[[1;33merror[0m] socket: unable to connect sock.c:282: Connection refused
[[1;33merror[0m] socket: unable to connect sock.c:282: Connection refused
[[1;33merror[0m] socket: unable to connect sock.c:282: Connection refused
[[1;33merror[0m] socket: unable to connect sock.c:282: Connection refused
[[1;33merror[0m] socket: unable to connect sock.c:282: Connection refused
[[1;33merror[0m] socket: unable to connect sock.c:282: Connection refused
[[1;33merror[0m] socket: unable to connect sock.c:282: Connection refused
[[1;33merror[0m] socket: unable to connect sock.c:282: Connection refused
[[1;33merror[0m] socket: unable to connect sock.c:282: Connection refused
[[1;33merror[0m] socket: unable to connect sock.c:282: Connection refused
[[1;33merror[0m] socket: unable to connect sock.c:282: Connection refused
[[1;33merror[0m] socket: unable to connect sock.c:282: Connection refused
[[1;33merror[0m] socket: unable to connect sock.c:282: Connection refused
[[1;33merror[0m] socket: unable to connect sock.c:282: Connection refused
[[1;33merror[0m] socket: unable to connect sock.c:282: Connection refused
[[1;33merror[0m] socket: unable to connect sock.c:282: Connection refused
[[1;33merror[0m] socket: unable to connect sock.c:282: Connection refused
[[1;33merror[0m] socket: unable to connect sock.c:282: Connection refused
[[1;33merror[0m] socket: unable to connect sock.c:282: Connection refused
[[1;33merror[0m] socket: unable to connect sock.c:282: Connection refused
[[1;33merror[0m] socket: unable to connect sock.c:282: Connection refused
[[1;33merror[0m] socket: unable to connect sock.c:282: Connection refused
[[1;33merror[0m] socket: unable to connect sock.c:282: Connection refused
[[1;33merror[0m] socket: unable to connect sock.c:282: Connection refused
[[1;33merror[0m] socket: unable to connect sock.c:282: Connection refused
[[1;33merror[0m] socket: unable to connect sock.c:282: Connection refused
[[1;33merror[0m] socket: unable to connect sock.c:282: Connection refused
[[1;33merror[0m] socket: unable to connect sock.c:282: Connection refused
[[1;33merror[0m] socket: unable to connect sock.c:282: Connection refused
[[1;33merror[0m] socket: unable to connect sock.c:282: Connection refused
[[1;33merror[0m] socket: unable to connect sock.c:282: Connection refused
[[1;33merror[0m] socket: unable to connect sock.c:282: Connection refused
[[1;33merror[0m] socket: unable to connect sock.c:282: Connection refused
[[1;33merror[0m] socket: unable to connect sock.c:282: Connection refused
[[1;33merror[0m] socket: unable to connect sock.c:282: Connection refused
[[1;33merror[0m] socket: unable to connect sock.c:282: Connection refused
[[1;33merror[0m] socket: unable to connect sock.c:282: Connection refused
[[1;33merror[0m] socket: unable to connect sock.c:282: Connection refused
[[1;33merror[0m] socket: unable to connect sock.c:282: Connection refused
[[1;33merror[0m] socket: unable to connect sock.c:282: Connection refused
[[1;33merror[0m] socket: unable to connect sock.c:282: Connection refused
[[1;33merror[0m] socket: unable to connect sock.c:282: Connection refused
[[1;33merror[0m] socket: unable to connect sock.c:282: Connection refused
[[1;33merror[0m] socket: unable to connect sock.c:282: Connection refused
[[1;33merror[0m] socket: unable to connect sock.c:282: Connection refused
[[1;33merror[0m] socket: unable to connect sock.c:282: Connection refused
[[1;33merror[0m] socket: unable to connect sock.c:282: Connection refused
[[1;33merror[0m] socket: unable to connect sock.c:282: Connection refused
[[1;33merror[0m] socket: unable to connect sock.c:282: Connection refused
[[1;33merror[0m] socket: unable to connect sock.c:282: Connection refused
[[1;33merror[0m] socket: unable to connect sock.c:282: Connection refused
[[1;33merror[0m] socket: unable to connect sock.c:282: Connection refused
[[1;33merror[0m] socket: unable to connect sock.c:282: Connection refused
[[1;33merror[0m] socket: unable to connect sock.c:282: Connection refused
[[1;33merror[0m] socket: unable to connect sock.c:282: Connection refused
[[1;33merror[0m] socket: unable to connect sock.c:282: Connection refused
[[1;33merror[0m] socket: unable to connect sock.c:282: Connection refused
[[1;33merror[0m] socket: unable to connect sock.c:282: Connection refused
[[1;33merror[0m] socket: unable to connect sock.c:282: Connection refused
[[1;33merror[0m] socket: unable to connect sock.c:282: Connection refused
[[1;33merror[0m] socket: unable to connect sock.c:282: Connection refused
[[1;33merror[0m] socket: unable to connect sock.c:282: Connection refused
[[1;33merror[0m] socket: unable to connect sock.c:282: Connection refused
[[1;33merror[0m] socket: unable to connect sock.c:282: Connection refused
[[1;33merror[0m] socket: unable to connect sock.c:282: Connection refused
[[1;33merror[0m] socket: unable to connect sock.c:282: Connection refused
[[1;33merror[0m] socket: unable to connect sock.c:282: Connection refused
[[1;33merror[0m] socket: unable to connect sock.c:282: Connection refused
[[1;33merror[0m] socket: unable to connect sock.c:282: Connection refused
[[1;33merror[0m] socket: unable to connect sock.c:282: Connection refused
[[1;33merror[0m] socket: unable to connect sock.c:282: Connection refused
[[1;33merror[0m] socket: unable to connect sock.c:282: Connection refused
[[1;33merror[0m] socket: unable to connect sock.c:282: Connection refused
[[1;33merror[0m] socket: unable to connect sock.c:282: Connection refused
[[1;33merror[0m] socket: unable to connect sock.c:282: Connection refused
[[1;33merror[0m] socket: unable to connect sock.c:282: Connection refused
[[1;33merror[0m] socket: unable to connect sock.c:282: Connection refused
[[1;33merror[0m] socket: unable to connect sock.c:282: Connection refused
[[1;33merror[0m] socket: unable to connect sock.c:282: Connection refused
[[1;33merror[0m] socket: unable to connect sock.c:282: Connection refused
[[1;33merror[0m] socket: unable to connect sock.c:282: Connection refused
[[1;33merror[0m] socket: unable to connect sock.c:282: Connection refused
[[1;33merror[0m] socket: unable to connect sock.c:282: Connection refused
[[1;33merror[0m] socket: unable to connect sock.c:282: Connection refused
[[1;33merror[0m] socket: unable to connect sock.c:282: Connection refused
[[1;33merror[0m] socket: unable to connect sock.c:282: Connection refused
[[1;33merror[0m] socket: unable to connect sock.c:282: Connection refused
[[1;33merror[0m] socket: unable to connect sock.c:282: Connection refused
[[1;33merror[0m] socket: unable to connect sock.c:282: Connection refused
[[1;33merror[0m] socket: unable to connect sock.c:282: Connection refused
[[1;33merror[0m] socket: unable to connect sock.c:282: Connection refused
[[1;33merror[0m] socket: unable to connect sock.c:282: Connection refused
[[1;33merror[0m] socket: unable to connect sock.c:282: Connection refused
[[1;33merror[0m] socket: unable to connect sock.c:282: Connection refused
[[1;33merror[0m] socket: unable to connect sock.c:282: Connection refused
[[1;33merror[0m] socket: unable to connect sock.c:282: Connection refused
[[1;33merror[0m] socket: unable to connect sock.c:282: Connection refused
[[1;33merror[0m] socket: unable to connect sock.c:282: Connection refused
[[1;33merror[0m] socket: unable to connect sock.c:282: Connection refused
[[1;33merror[0m] socket: unable to connect sock.c:282: Connection refused
[[1;33merror[0m] socket: unable to connect sock.c:282: Connection refused
[[1;33merror[0m] socket: unable to connect sock.c:282: Connection refused
[[1;33merror[0m] socket: unable to connect sock.c:282: Connection refused
[[1;33merror[0m] socket: unable to connect sock.c:282: Connection refused
[[1;33merror[0m] socket: unable to connect sock.c:282: Connection refused
[[1;33merror[0m] socket: unable to connect sock.c:282: Connection refused
[[1;33merror[0m] socket: unable to connect sock.c:282: Connection refused
[[1;33merror[0m] socket: unable to connect sock.c:282: Connection refused
[[1;33merror[0m] socket: unable to connect sock.c:282: Connection refused
[[1;33merror[0m] socket: unable to connect sock.c:282: Connection refused
[[1;33merror[0m] socket: unable to connect sock.c:282: Connection refused
[[1;33merror[0m] socket: unable to connect sock.c:282: Connection refused
[[1;33merror[0m] socket: unable to connect sock.c:282: Connection refused
[[1;33merror[0m] socket: unable to connect sock.c:282: Connection refused
[[1;33merror[0m] socket: unable to connect sock.c:282: Connection refused
[[1;33merror[0m] socket: unable to connect sock.c:282: Connection refused
[[1;33merror[0m] socket: unable to connect sock.c:282: Connection refused
[[1;33merror[0m] socket: unable to connect sock.c:282: Connection refused
[[1;33merror[0m] socket: unable to connect sock.c:282: Connection refused
[[1;33merror[0m] socket: unable to connect sock.c:282: Connection refused
[[1;33merror[0m] socket: unable to connect sock.c:282: Connection refused
[[1;33merror[0m] socket: unable to connect sock.c:282: Connection refused
[[1;33merror[0m] socket: unable to connect sock.c:282: Connection refused
[[1;33merror[0m] socket: unable to connect sock.c:282: Connection refused
[[1;33merror[0m] socket: unable to connect sock.c:282: Connection refused
[[1;33merror[0m] socket: unable to connect sock.c:282: Connection refused
[[1;33merror[0m] socket: unable to connect sock.c:282: Connection refused
[[1;33merror[0m] socket: unable to connect sock.c:282: Connection refused
[[1;33merror[0m] socket: unable to connect sock.c:282: Connection refused
[[1;33merror[0m] socket: unable to connect sock.c:282: Connection refused
[[1;33merror[0m] socket: unable to connect sock.c:282: Connection refused
[[1;33merror[0m] socket: unable to connect sock.c:282: Connection refused
[[1;33merror[0m] socket: unable to connect sock.c:282: Connection refused
[[1;33merror[0m] socket: unable to connect sock.c:282: Connection refused
[[1;33merror[0m] socket: unable to connect sock.c:282: Connection refused
[[1;33merror[0m] socket: unable to connect sock.c:282: Connection refused
[[1;33merror[0m] socket: unable to connect sock.c:282: Connection refused
[[1;33merror[0m] socket: unable to connect sock.c:282: Connection refused
[[1;33merror[0m] socket: unable to connect sock.c:282: Connection refused
[[1;33merror[0m] socket: unable to connect sock.c:282: Connection refused
[[1;33merror[0m] socket: unable to connect sock.c:282: Connection refused
[[1;33merror[0m] socket: unable to connect sock.c:282: Connection refused
[[1;33merror[0m] socket: unable to connect sock.c:282: Connection refused
[[1;33merror[0m] socket: unable to connect sock.c:282: Connection refused
[[1;33merror[0m] socket: unable to connect sock.c:282: Connection refused
[[1;33merror[0m] socket: unable to connect sock.c:282: Connection refused
[[1;33merror[0m] socket: unable to connect sock.c:282: Connection refused
[[1;33merror[0m] socket: unable to connect sock.c:282: Connection refused
[[1;33merror[0m] socket: unable to connect sock.c:282: Connection refused
[[1;33merror[0m] socket: unable to connect sock.c:282: Connection refused
[[1;33merror[0m] socket: unable to connect sock.c:282: Connection refused
[[1;33merror[0m] socket: unable to connect sock.c:282: Connection refused
[[1;33merror[0m] socket: unable to connect sock.c:282: Connection refused
[[1;33merror[0m] socket: unable to connect sock.c:282: Connection refused
[[1;33merror[0m] socket: unable to connect sock.c:282: Connection refused
[[1;33merror[0m] socket: unable to connect sock.c:282: Connection refused
[[1;33merror[0m] socket: unable to connect sock.c:282: Connection refused
[[1;33merror[0m] socket: unable to connect sock.c:282: Connection refused
[[1;33merror[0m] socket: unable to connect sock.c:282: Connection refused
[[1;33merror[0m] socket: unable to connect sock.c:282: Connection refused
[[1;33merror[0m] socket: unable to connect sock.c:282: Connection refused
[[1;33merror[0m] socket: unable to connect sock.c:282: Connection refused
[[1;33merror[0m] socket: unable to connect sock.c:282: Connection refused
[[1;33merror[0m] socket: unable to connect sock.c:282: Connection refused
[[1;33merror[0m] socket: unable to connect sock.c:282: Connection refused
[[1;33merror[0m] socket: unable to connect sock.c:282: Connection refused
[[1;33merror[0m] socket: unable to connect sock.c:282: Connection refused
[[1;33merror[0m] socket: unable to connect sock.c:282: Connection refused
[[1;33merror[0m] socket: unable to connect sock.c:282: Connection refused
[[1;33merror[0m] socket: unable to connect sock.c:282: Connection refused
[[1;33merror[0m] socket: unable to connect sock.c:282: Connection refused
[[1;33merror[0m] socket: unable to connect sock.c:282: Connection refused
[[1;33merror[0m] socket: unable to connect sock.c:282: Connection refused
[[1;33merror[0m] socket: unable to connect sock.c:282: Connection refused
[[1;33merror[0m] socket: unable to connect sock.c:282: Connection refused
[[1;33merror[0m] socket: unable to connect sock.c:282: Connection refused
[[1;33merror[0m] socket: unable to connect sock.c:282: Connection refused
[[1;33merror[0m] socket: unable to connect sock.c:282: Connection refused
[[1;33merror[0m] socket: unable to connect sock.c:282: Connection refused
[[1;33merror[0m] socket: unable to connect sock.c:282: Connection refused
[[1;33merror[0m] socket: unable to connect sock.c:282: Connection refused
[[1;33merror[0m] socket: unable to connect sock.c:282: Connection refused
[[1;33merror[0m] socket: unable to connect sock.c:282: Connection refused
[[1;33merror[0m] socket: unable to connect sock.c:282: Connection refused
[[1;33merror[0m] socket: unable to connect sock.c:282: Connection refused
[[1;33merror[0m] socket: unable to connect sock.c:282: Connection refused
[[1;33merror[0m] socket: unable to connect sock.c:282: Connection refused
[[1;33merror[0m] socket: unable to connect sock.c:282: Connection refused
[[1;33merror[0m] socket: unable to connect sock.c:282: Connection refused
[[1;33merror[0m] socket: unable to connect sock.c:282: Connection refused
[[1;33merror[0m] socket: unable to connect sock.c:282: Connection refused
[[1;33merror[0m] socket: unable to connect sock.c:282: Connection refused
[[1;33merror[0m] socket: unable to connect sock.c:282: Connection refused
[[1;33merror[0m] socket: unable to connect sock.c:282: Connection refused
[[1;33merror[0m] socket: unable to connect sock.c:282: Connection refused
[[1;33merror[0m] socket: unable to connect sock.c:282: Connection refused
[[1;33merror[0m] socket: unable to connect sock.c:282: Connection refused
[[1;33merror[0m] socket: unable to connect sock.c:282: Connection refused
[[1;33merror[0m] socket: unable to connect sock.c:282: Connection refused
[[1;33merror[0m] socket: unable to connect sock.c:282: Connection refused
[[1;33merror[0m] socket: unable to connect sock.c:282: Connection refused
[[1;33merror[0m] socket: unable to connect sock.c:282: Connection refused
[[1;33merror[0m] socket: unable to connect sock.c:282: Connection refused
[[1;33merror[0m] socket: unable to connect sock.c:282: Connection refused
[[1;33merror[0m] socket: unable to connect sock.c:282: Connection refused
[[1;33merror[0m] socket: unable to connect sock.c:282: Connection refused
[[1;33merror[0m] socket: unable to connect sock.c:282: Connection refused
[[1;33merror[0m] socket: unable to connect sock.c:282: Connection refused
[[1;33merror[0m] socket: unable to connect sock.c:282: Connection refused
[[1;33merror[0m] socket: unable to connect sock.c:282: Connection refused
[[1;33merror[0m] socket: unable to connect sock.c:282: Connection refused
[[1;33merror[0m] socket: unable to connect sock.c:282: Connection refused
[[1;33merror[0m] socket: unable to connect sock.c:282: Connection refused
[[1;33merror[0m] socket: unable to connect sock.c:282: Connection refused
[[1;33merror[0m] socket: unable to connect sock.c:282: Connection refused
[[1;33merror[0m] socket: unable to connect sock.c:282: Connection refused
[[1;33merror[0m] socket: unable to connect sock.c:282: Connection refused
[[1;33merror[0m] socket: unable to connect sock.c:282: Connection refused
[[1;33merror[0m] socket: unable to connect sock.c:282: Connection refused
[[1;33merror[0m] socket: unable to connect sock.c:282: Connection refused
[[1;33merror[0m] socket: unable to connect sock.c:282: Connection refused
[[1;33merror[0m] socket: unable to connect sock.c:282: Connection refused
[[1;33merror[0m] socket: unable to connect sock.c:282: Connection refused
[[1;33merror[0m] socket: unable to connect sock.c:282: Connection refused
[[1;33merror[0m] socket: unable to connect sock.c:282: Connection refused
[[1;33merror[0m] socket: unable to connect sock.c:282: Connection refused
[[1;33merror[0m] socket: unable to connect sock.c:282: Connection refused
[[1;33merror[0m] socket: unable to connect sock.c:282: Connection refused
[[1;33merror[0m] socket: unable to connect sock.c:282: Connection refused
[[1;33merror[0m] socket: unable to connect sock.c:282: Connection refused
[[1;33merror[0m] socket: unable to connect sock.c:282: Connection refused
[[1;33merror[0m] socket: unable to connect sock.c:282: Connection refused
[[1;33merror[0m] socket: unable to connect sock.c:282: Connection refused
[[1;33merror[0m] socket: unable to connect sock.c:282: Connection refused
[[1;33merror[0m] socket: unable to connect sock.c:282: Connection refused
[[1;33merror[0m] socket: unable to connect sock.c:282: Connection refused
[[1;33merror[0m] socket: unable to connect sock.c:282: Connection refused
[[1;33merror[0m] socket: unable to connect sock.c:282: Connection refused
[[1;33merror[0m] socket: unable to connect sock.c:282: Connection refused
[[1;33merror[0m] socket: unable to connect sock.c:282: Connection refused
[[1;33merror[0m] socket: unable to connect sock.c:282: Connection refused
[[1;33merror[0m] socket: unable to connect sock.c:282: Connection refused
[[1;33merror[0m] socket: unable to connect sock.c:282: Connection refused
[[1;33merror[0m] socket: unable to connect sock.c:282: Connection refused
[[1;33merror[0m] socket: unable to connect sock.c:282: Connection refused
[[1;33merror[0m] socket: unable to connect sock.c:282: Connection refused
[[1;33merror[0m] socket: unable to connect sock.c:282: Connection refused
[[1;33merror[0m] socket: unable to connect sock.c:282: Connection refused
[[1;33merror[0m] socket: unable to connect sock.c:282: Connection refused
[[1;33merror[0m] socket: unable to connect sock.c:282: Connection refused
[[1;33merror[0m] socket: unable to connect sock.c:282: Connection refused
[[1;33merror[0m] socket: unable to connect sock.c:282: Connection refused
[[1;33merror[0m] socket: unable to connect sock.c:282: Connection refused
[[1;33merror[0m] socket: unable to connect sock.c:282: Connection refused
[[1;33merror[0m] socket: unable to connect sock.c:282: Connection refused
[[1;33merror[0m] socket: unable to connect sock.c:282: Connection refused
[[1;33merror[0m] socket: unable to connect sock.c:282: Connection refused
[[1;33merror[0m] socket: unable to connect sock.c:282: Connection refused
[[1;33merror[0m] socket: unable to connect sock.c:282: Connection refused
[[1;33merror[0m] socket: unable to connect sock.c:282: Connection refused
[[1;33merror[0m] socket: unable to connect sock.c:282: Connection refused
[[1;33merror[0m] socket: unable to connect sock.c:282: Connection refused
[[1;33merror[0m] socket: unable to connect sock.c:282: Connection refused
[[1;33merror[0m] socket: unable to connect sock.c:282: Connection refused
[[1;33merror[0m] socket: unable to connect sock.c:282: Connection refused
[[1;33merror[0m] socket: unable to connect sock.c:282: Connection refused
[[1;33merror[0m] socket: unable to connect sock.c:282: Connection refused
[[1;33merror[0m] socket: unable to connect sock.c:282: Connection refused
[[1;33merror[0m] socket: unable to connect sock.c:282: Connection refused
[[1;33merror[0m] socket: unable to connect sock.c:282: Connection refused
[[1;33merror[0m] socket: unable to connect sock.c:282: Connection refused
[[1;33merror[0m] socket: unable to connect sock.c:282: Connection refused
[[1;33merror[0m] socket: unable to connect sock.c:282: Connection refused
[[1;33merror[0m] socket: unable to connect sock.c:282: Connection refused
[[1;33merror[0m] socket: unable to connect sock.c:282: Connection refused
[[1;33merror[0m] socket: unable to connect sock.c:282: Connection refused
[[1;33merror[0m] socket: unable to connect sock.c:282: Connection refused
[[1;33merror[0m] socket: unable to connect sock.c:282: Connection refused
[[1;33merror[0m] socket: unable to connect sock.c:282: Connection refused
[[1;33merror[0m] socket: unable to connect sock.c:282: Connection refused
[[1;33merror[0m] socket: unable to connect sock.c:282: Connection refused
[[1;33merror[0m] socket: unable to connect sock.c:282: Connection refused
[[1;33merror[0m] socket: unable to connect sock.c:282: Connection refused
[[1;33merror[0m] socket: unable to connect sock.c:282: Connection refused
[[1;33merror[0m] socket: unable to connect sock.c:282: Connection refused
[[1;33merror[0m] socket: unable to connect sock.c:282: Connection refused
[[1;33merror[0m] socket: unable to connect sock.c:282: Connection refused
[[1;33merror[0m] socket: unable to connect sock.c:282: Connection refused
[[1;33merror[0m] socket: unable to connect sock.c:282: Connection refused
[[1;33merror[0m] socket: unable to connect sock.c:282: Connection refused
[[1;33merror[0m] socket: unable to connect sock.c:282: Connection refused
[[1;33merror[0m] socket: unable to connect sock.c:282: Connection refused
[[1;33merror[0m] socket: unable to connect sock.c:282: Connection refused
[[1;33merror[0m] socket: unable to connect sock.c:282: Connection refused
[[1;33merror[0m] socket: unable to connect sock.c:282: Connection refused
[[1;33merror[0m] socket: unable to connect sock.c:282: Connection refused
[[1;33merror[0m] socket: unable to connect sock.c:282: Connection refused
[[1;33merror[0m] socket: unable to connect sock.c:282: Connection refused
[[1;33merror[0m] socket: unable to connect sock.c:282: Connection refused
[[1;33merror[0m] socket: unable to connect sock.c:282: Connection refused
[[1;33merror[0m] socket: unable to connect sock.c:282: Connection refused
[[1;33merror[0m] socket: unable to connect sock.c:282: Connection refused
[[1;33merror[0m] socket: unable to connect sock.c:282: Connection refused
[[1;33merror[0m] socket: unable to connect sock.c:282: Connection refused
[[1;33merror[0m] socket: unable to connect sock.c:282: Connection refused
[[1;33merror[0m] socket: unable to connect sock.c:282: Connection refused
[[1;33merror[0m] socket: unable to connect sock.c:282: Connection refused
[[1;33merror[0m] socket: unable to connect sock.c:282: Connection refused
[[1;33merror[0m] socket: unable to connect sock.c:282: Connection refused
[[1;33merror[0m] socket: unable to connect sock.c:282: Connection refused
[[1;33merror[0m] socket: unable to connect sock.c:282: Connection refused
[[1;33merror[0m] socket: unable to connect sock.c:282: Connection refused
[[1;33merror[0m] socket: unable to connect sock.c:282: Connection refused
[[1;33merror[0m] socket: unable to connect sock.c:282: Connection refused
[[1;33merror[0m] socket: unable to connect sock.c:282: Connection refused
[[1;33merror[0m] socket: unable to connect sock.c:282: Connection refused
[[1;33merror[0m] socket: unable to connect sock.c:282: Connection refused
[[1;33merror[0m] socket: unable to connect sock.c:282: Connection refused
[[1;33merror[0m] socket: unable to connect sock.c:282: Connection refused
[[1;33merror[0m] socket: unable to connect sock.c:282: Connection refused
[[1;33merror[0m] socket: unable to connect sock.c:282: Connection refused
[[1;33merror[0m] socket: unable to connect sock.c:282: Connection refused
[[1;33merror[0m] socket: unable to connect sock.c:282: Connection refused
[[1;33merror[0m] socket: unable to connect sock.c:282: Connection refused
[[1;33merror[0m] socket: unable to connect sock.c:282: Connection refused
[[1;33merror[0m] socket: unable to connect sock.c:282: Connection refused
[[1;33merror[0m] socket: unable to connect sock.c:282: Connection refused
[[1;33merror[0m] socket: unable to connect sock.c:282: Connection refused
[[1;33merror[0m] socket: unable to connect sock.c:282: Connection refused
[[1;33merror[0m] socket: unable to connect sock.c:282: Connection refused
[[1;33merror[0m] socket: unable to connect sock.c:282: Connection refused
[[1;33merror[0m] socket: unable to connect sock.c:282: Connection refused
[[1;33merror[0m] socket: unable to connect sock.c:282: Connection refused
[[1;33merror[0m] socket: unable to connect sock.c:282: Connection refused
[[1;33merror[0m] socket: unable to connect sock.c:282: Connection refused
[[1;33merror[0m] socket: unable to connect sock.c:282: Connection refused
[[1;33merror[0m] socket: unable to connect sock.c:282: Connection refused
[[1;33merror[0m] socket: unable to connect sock.c:282: Connection refused
[[1;33merror[0m] socket: unable to connect sock.c:282: Connection refused
[[1;33merror[0m] socket: unable to connect sock.c:282: Connection refused
[[1;33merror[0m] socket: unable to connect sock.c:282: Connection refused
[[1;33merror[0m] socket: unable to connect sock.c:282: Connection refused
[[1;33merror[0m] socket: unable to connect sock.c:282: Connection refused
[[1;33merror[0m] socket: unable to connect sock.c:282: Connection refused
[[1;33merror[0m] socket: unable to connect sock.c:282: Connection refused
[[1;33merror[0m] socket: unable to connect sock.c:282: Connection refused
[[1;33merror[0m] socket: unable to connect sock.c:282: Connection refused
[[1;33merror[0m] socket: unable to connect sock.c:282: Connection refused
[[1;33merror[0m] socket: unable to connect sock.c:282: Connection refused
[[1;33merror[0m] socket: unable to connect sock.c:282: Connection refused
[[1;33merror[0m] socket: unable to connect sock.c:282: Connection refused
[[1;33merror[0m] socket: unable to connect sock.c:282: Connection refused
[[1;33merror[0m] socket: unable to connect sock.c:282: Connection refused
[[1;33merror[0m] socket: unable to connect sock.c:282: Connection refused
[[1;33merror[0m] socket: unable to connect sock.c:282: Connection refused
[[1;33merror[0m] socket: unable to connect sock.c:282: Connection refused
[[1;33merror[0m] socket: unable to connect sock.c:282: Connection refused
[[1;33merror[0m] socket: unable to connect sock.c:282: Connection refused
[[1;33merror[0m] socket: unable to connect sock.c:282: Connection refused
[[1;33merror[0m] socket: unable to connect sock.c:282: Connection refused
[[1;33merror[0m] socket: unable to connect sock.c:282: Connection refused
[[1;33merror[0m] socket: unable to connect sock.c:282: Connection refused
[[1;33merror[0m] socket: unable to connect sock.c:282: Connection refused
[[1;33merror[0m] socket: unable to connect sock.c:282: Connection refused
[[1;33merror[0m] socket: unable to connect sock.c:282: Connection refused
[[1;33merror[0m] socket: unable to connect sock.c:282: Connection refused
[[1;33merror[0m] socket: unable to connect sock.c:282: Connection refused
[[1;33merror[0m] socket: unable to connect sock.c:282: Connection refused
[[1;33merror[0m] socket: unable to connect sock.c:282: Connection refused
[[1;33merror[0m] socket: unable to connect sock.c:282: Connection refused
[[1;33merror[0m] socket: unable to connect sock.c:282: Connection refused
[[1;33merror[0m] socket: unable to connect sock.c:282: Connection refused
[[1;33merror[0m] socket: unable to connect sock.c:282: Connection refused
[[1;33merror[0m] socket: unable to connect sock.c:282: Connection refused
[[1;33merror[0m] socket: unable to connect sock.c:282: Connection refused
[[1;33merror[0m] socket: unable to connect sock.c:282: Connection refused
[[1;33merror[0m] socket: unable to connect sock.c:282: Connection refused
[[1;33merror[0m] socket: unable to connect sock.c:282: Connection refused
[[1;33merror[0m] socket: unable to connect sock.c:282: Connection refused
[[1;33merror[0m] socket: unable to connect sock.c:282: Connection refused
[[1;33merror[0m] socket: unable to connect sock.c:282: Connection refused
[[1;33merror[0m] socket: unable to connect sock.c:282: Connection refused
[[1;33merror[0m] socket: unable to connect sock.c:282: Connection refused
[[1;33merror[0m] socket: unable to connect sock.c:282: Connection refused
[[1;33merror[0m] socket: unable to connect sock.c:282: Connection refused
[[1;33merror[0m] socket: unable to connect sock.c:282: Connection refused
[[1;33merror[0m] socket: unable to connect sock.c:282: Connection refused
[[1;33merror[0m] socket: unable to connect sock.c:282: Connection refused
[[1;33merror[0m] socket: unable to connect sock.c:282: Connection refused
[[1;33merror[0m] socket: unable to connect sock.c:282: Connection refused
[[1;33merror[0m] socket: unable to connect sock.c:282: Connection refused
[[1;33merror[0m] socket: unable to connect sock.c:282: Connection refused
[[1;32malert[0m] socket: select and discovered it's not ready sock.c:384: Operation timed out
[[1;32malert[0m] socket: read check timed out(30) sock.c:273: Operation timed out
[[1;32malert[0m] socket: select and discovered it's not ready sock.c:384: Operation timed out
[[1;32malert[0m] socket: read check timed out(30) sock.c:273: Operation timed out
[[1;32malert[0m] socket: select and discovered it's not ready sock.c:384: Operation timed out
[[1;32malert[0m] socket: read check timed out(30) sock.c:273: Operation timed out
[[1;32malert[0m] socket: select and discovered it's not ready sock.c:384: Operation timed out
[[1;32malert[0m] socket: read check timed out(30) sock.c:273: Operation timed out
[[1;32malert[0m] socket: select and discovered it's not ready sock.c:384: Operation timed out
[[1;32malert[0m] socket: read check timed out(30) sock.c:273: Operation timed out
[[1;32malert[0m] socket: select and discovered it's not ready sock.c:384: Operation timed out
[[1;32malert[0m] socket: read check timed out(30) sock.c:273: Operation timed out
siege aborted due to excessive socket failure; you
can change the failure threshold in $HOME/.siegerc

Transactions:		           3 hits
Availability:		        0.27 %
Elapsed time:		       32.52 secs
Data transferred:	        0.00 MB
Response time:		        0.15 secs
Transaction rate:	        0.09 trans/sec
Throughput:		        0.00 MB/sec
Concurrency:		        0.01
Successful transactions:           3
Failed transactions:	        1123
Longest transaction:	        0.43
Shortest transaction:	        0.00
 
